Started GET "/" for ::1 at 2023-01-10 12:45:27 -0300
Processing by ApplicationController#hello as HTML
  Rendering html template
  Rendered html template (Duration: 0.0ms | Allocations: 8)
Completed 200 OK in 30ms (Views: 18.0ms | ActiveRecord: 0.0ms | Allocations: 4797)


  [1m[35m (0.5ms)[0m  [1m[35mCREATE TABLE "schema_migrations" ("version" varchar NOT NULL PRIMARY KEY)[0m
  [1m[35m (1.5ms)[0m  [1m[35mCREATE TABLE "schema_migrations" ("version" varchar NOT NULL PRIMARY KEY)[0m
  [1m[35m (1.2ms)[0m  [1m[35mCREATE TABLE "ar_internal_metadata" ("key" varchar NOT NULL PRIMARY KEY, "value" varchar, "created_at" datetime(6) NOT NULL, "updated_at" datetime(6) NOT NULL)[0m
  [1m[36mActiveRecord::SchemaMigration Pluck (0.9ms)[0m  [1m[34mSELECT "schema_migrations"."version" FROM "schema_migrations" ORDER BY "schema_migrations"."version" ASC[0m
Migrating to CreateUsers (20230110155141)
  [1m[36mTRANSACTION (0.1ms)[0m  [1m[36mbegin transaction[0m
  [1m[35m (0.5ms)[0m  [1m[35mCREATE TABLE "users" ("id" integer PRIMARY KEY AUTOINCREMENT NOT NULL, "name" varchar, "email" varchar, "created_at" datetime(6) NOT NULL, "updated_at" datetime(6) NOT NULL)[0m
  [1m[36mActiveRecord::SchemaMigration Create (0.1ms)[0m  [1m[32mINSERT INTO "schema_migrations" ("version") VALUES (?)[0m  [["version", "20230110155141"]]
  [1m[36mTRANSACTION (0.9ms)[0m  [1m[36mcommit transaction[0m
  [1m[36mActiveRecord::InternalMetadata Load (0.1ms)[0m  [1m[34mSELECT "ar_internal_metadata".* FROM "ar_internal_metadata" WHERE "ar_internal_metadata"."key" = ? LIMIT ?[0m  [["key", "environment"], ["LIMIT", 1]]
  [1m[36mTRANSACTION (0.0ms)[0m  [1m[36mbegin transaction[0m
  [1m[36mActiveRecord::InternalMetadata Create (0.3ms)[0m  [1m[32mINSERT INTO "ar_internal_metadata" ("key", "value", "created_at", "updated_at") VALUES (?, ?, ?, ?)[0m  [["key", "environment"], ["value", "development"], ["created_at", "2023-01-10 15:53:03.053679"], ["updated_at", "2023-01-10 15:53:03.053679"]]
  [1m[36mTRANSACTION (1.4ms)[0m  [1m[36mcommit transaction[0m
  [1m[36mActiveRecord::SchemaMigration Pluck (0.1ms)[0m  [1m[34mSELECT "schema_migrations"."version" FROM "schema_migrations" ORDER BY "schema_migrations"."version" ASC[0m
Started GET "/" for ::1 at 2023-01-10 12:54:25 -0300
  [1m[36mActiveRecord::SchemaMigration Pluck (0.3ms)[0m  [1m[34mSELECT "schema_migrations"."version" FROM "schema_migrations" ORDER BY "schema_migrations"."version" ASC[0m
Processing by ApplicationController#hello as HTML
  Rendering html template
  Rendered html template (Duration: 0.0ms | Allocations: 8)
Completed 200 OK in 18ms (Views: 7.0ms | ActiveRecord: 0.0ms | Allocations: 3783)


Started GET "/users" for ::1 at 2023-01-10 12:54:28 -0300
Processing by UsersController#index as HTML
  Rendering layout layouts/application.html.erb
  Rendering users/index.html.erb within layouts/application
  [1m[36mUser Load (0.4ms)[0m  [1m[34mSELECT "users".* FROM "users"[0m
  ↳ app/views/users/index.html.erb:6
  Rendered users/index.html.erb within layouts/application (Duration: 8.6ms | Allocations: 1240)
  Rendered layout layouts/application.html.erb (Duration: 1235.3ms | Allocations: 95583)
Completed 200 OK in 1251ms (Views: 1236.6ms | ActiveRecord: 0.4ms | Allocations: 98120)


Started GET "/users/new" for ::1 at 2023-01-10 12:54:32 -0300
Processing by UsersController#new as HTML
  Rendering layout layouts/application.html.erb
  Rendering users/new.html.erb within layouts/application
  Rendered users/_form.html.erb (Duration: 23.4ms | Allocations: 4861)
  Rendered users/new.html.erb within layouts/application (Duration: 24.9ms | Allocations: 5158)
  Rendered layout layouts/application.html.erb (Duration: 29.0ms | Allocations: 7389)
Completed 200 OK in 46ms (Views: 29.7ms | ActiveRecord: 0.6ms | Allocations: 22723)


Started POST "/users" for ::1 at 2023-01-10 12:54:39 -0300
Processing by UsersController#create as TURBO_STREAM
  Parameters: {"authenticity_token"=>"[FILTERED]", "user"=>{"name"=>"Fernando", "email"=>"fernando@fernando.com"}, "commit"=>"Create User"}
  [1m[36mTRANSACTION (0.1ms)[0m  [1m[36mbegin transaction[0m
  ↳ app/controllers/users_controller.rb:27:in `block in create'
  [1m[36mUser Create (1.1ms)[0m  [1m[32mINSERT INTO "users" ("name", "email", "created_at", "updated_at") VALUES (?, ?, ?, ?)[0m  [["name", "Fernando"], ["email", "fernando@fernando.com"], ["created_at", "2023-01-10 15:54:39.959608"], ["updated_at", "2023-01-10 15:54:39.959608"]]
  ↳ app/controllers/users_controller.rb:27:in `block in create'
  [1m[36mTRANSACTION (0.7ms)[0m  [1m[36mcommit transaction[0m
  ↳ app/controllers/users_controller.rb:27:in `block in create'
Redirected to http://localhost:3000/users/1
Completed 302 Found in 7ms (ActiveRecord: 1.8ms | Allocations: 2774)


Started GET "/users/1" for ::1 at 2023-01-10 12:54:39 -0300
Processing by UsersController#show as TURBO_STREAM
  Parameters: {"id"=>"1"}
  [1m[36mUser Load (0.2ms)[0m  [1m[34mSELECT "users".* FROM "users" WHERE "users"."id" = ? LIMIT ?[0m  [["id", 1], ["LIMIT", 1]]
  ↳ app/controllers/users_controller.rb:63:in `set_user'
  Rendering layout layouts/application.html.erb
  Rendering users/show.html.erb within layouts/application
  Rendered users/_user.html.erb (Duration: 1.2ms | Allocations: 192)
  Rendered users/show.html.erb within layouts/application (Duration: 5.3ms | Allocations: 1314)
  Rendered layout layouts/application.html.erb (Duration: 9.3ms | Allocations: 3537)
Completed 200 OK in 15ms (Views: 9.8ms | ActiveRecord: 0.2ms | Allocations: 6047)


Started GET "/users" for ::1 at 2023-01-10 12:54:44 -0300
Processing by UsersController#index as HTML
  Rendering layout layouts/application.html.erb
  Rendering users/index.html.erb within layouts/application
  [1m[36mUser Load (0.1ms)[0m  [1m[34mSELECT "users".* FROM "users"[0m
  ↳ app/views/users/index.html.erb:6
  Rendered users/_user.html.erb (Duration: 0.1ms | Allocations: 19)
  Rendered users/index.html.erb within layouts/application (Duration: 2.2ms | Allocations: 823)
  Rendered layout layouts/application.html.erb (Duration: 6.8ms | Allocations: 3045)
Completed 200 OK in 8ms (Views: 7.3ms | ActiveRecord: 0.1ms | Allocations: 3300)


Started GET "/users/1" for ::1 at 2023-01-10 12:54:47 -0300
Processing by UsersController#show as HTML
  Parameters: {"id"=>"1"}
  [1m[36mUser Load (0.1ms)[0m  [1m[34mSELECT "users".* FROM "users" WHERE "users"."id" = ? LIMIT ?[0m  [["id", 1], ["LIMIT", 1]]
  ↳ app/controllers/users_controller.rb:63:in `set_user'
  Rendering layout layouts/application.html.erb
  Rendering users/show.html.erb within layouts/application
  Rendered users/_user.html.erb (Duration: 0.1ms | Allocations: 19)
  Rendered users/show.html.erb within layouts/application (Duration: 1.4ms | Allocations: 541)
  Rendered layout layouts/application.html.erb (Duration: 6.6ms | Allocations: 2755)
Completed 200 OK in 9ms (Views: 7.1ms | ActiveRecord: 0.1ms | Allocations: 3450)


Started GET "/users/1/edit" for ::1 at 2023-01-10 12:54:50 -0300
Processing by UsersController#edit as HTML
  Parameters: {"id"=>"1"}
  [1m[36mUser Load (0.1ms)[0m  [1m[34mSELECT "users".* FROM "users" WHERE "users"."id" = ? LIMIT ?[0m  [["id", 1], ["LIMIT", 1]]
  ↳ app/controllers/users_controller.rb:63:in `set_user'
  Rendering layout layouts/application.html.erb
  Rendering users/edit.html.erb within layouts/application
  Rendered users/_form.html.erb (Duration: 1.5ms | Allocations: 1095)
  Rendered users/edit.html.erb within layouts/application (Duration: 2.5ms | Allocations: 1375)
  Rendered layout layouts/application.html.erb (Duration: 5.3ms | Allocations: 3597)
Completed 200 OK in 7ms (Views: 5.7ms | ActiveRecord: 0.1ms | Allocations: 4333)


Started PATCH "/users/1" for ::1 at 2023-01-10 12:54:54 -0300
Processing by UsersController#update as TURBO_STREAM
  Parameters: {"authenticity_token"=>"[FILTERED]", "user"=>{"name"=>"Fernando", "email"=>"fernando@fernankkkdo.com"}, "commit"=>"Update User", "id"=>"1"}
  [1m[36mUser Load (0.1ms)[0m  [1m[34mSELECT "users".* FROM "users" WHERE "users"."id" = ? LIMIT ?[0m  [["id", 1], ["LIMIT", 1]]
  ↳ app/controllers/users_controller.rb:63:in `set_user'
  [1m[36mTRANSACTION (0.0ms)[0m  [1m[36mbegin transaction[0m
  ↳ app/controllers/users_controller.rb:40:in `block in update'
  [1m[36mUser Update (0.3ms)[0m  [1m[33mUPDATE "users" SET "email" = ?, "updated_at" = ? WHERE "users"."id" = ?[0m  [["email", "fernando@fernankkkdo.com"], ["updated_at", "2023-01-10 15:54:54.313867"], ["id", 1]]
  ↳ app/controllers/users_controller.rb:40:in `block in update'
  [1m[36mTRANSACTION (1.0ms)[0m  [1m[36mcommit transaction[0m
  ↳ app/controllers/users_controller.rb:40:in `block in update'
Redirected to http://localhost:3000/users/1
Completed 302 Found in 7ms (ActiveRecord: 1.4ms | Allocations: 2570)


Started GET "/users/1" for ::1 at 2023-01-10 12:54:54 -0300
Processing by UsersController#show as TURBO_STREAM
  Parameters: {"id"=>"1"}
  [1m[36mUser Load (0.1ms)[0m  [1m[34mSELECT "users".* FROM "users" WHERE "users"."id" = ? LIMIT ?[0m  [["id", 1], ["LIMIT", 1]]
  ↳ app/controllers/users_controller.rb:63:in `set_user'
  Rendering layout layouts/application.html.erb
  Rendering users/show.html.erb within layouts/application
  Rendered users/_user.html.erb (Duration: 0.1ms | Allocations: 20)
  Rendered users/show.html.erb within layouts/application (Duration: 0.8ms | Allocations: 549)
  Rendered layout layouts/application.html.erb (Duration: 3.1ms | Allocations: 2762)
Completed 200 OK in 5ms (Views: 3.5ms | ActiveRecord: 0.1ms | Allocations: 3447)


Started GET "/users" for ::1 at 2023-01-10 12:54:56 -0300
Processing by UsersController#index as HTML
  Rendering layout layouts/application.html.erb
  Rendering users/index.html.erb within layouts/application
  [1m[36mUser Load (0.1ms)[0m  [1m[34mSELECT "users".* FROM "users"[0m
  ↳ app/views/users/index.html.erb:6
  Rendered users/_user.html.erb (Duration: 0.1ms | Allocations: 20)
  Rendered users/index.html.erb within layouts/application (Duration: 1.3ms | Allocations: 821)
  Rendered layout layouts/application.html.erb (Duration: 3.6ms | Allocations: 3043)
Completed 200 OK in 4ms (Views: 3.8ms | ActiveRecord: 0.1ms | Allocations: 3299)


Started GET "/users/1" for ::1 at 2023-01-10 12:55:02 -0300
Processing by UsersController#show as HTML
  Parameters: {"id"=>"1"}
  [1m[36mUser Load (0.1ms)[0m  [1m[34mSELECT "users".* FROM "users" WHERE "users"."id" = ? LIMIT ?[0m  [["id", 1], ["LIMIT", 1]]
  ↳ app/controllers/users_controller.rb:63:in `set_user'
  Rendering layout layouts/application.html.erb
  Rendering users/show.html.erb within layouts/application
  Rendered users/_user.html.erb (Duration: 0.1ms | Allocations: 20)
  Rendered users/show.html.erb within layouts/application (Duration: 1.2ms | Allocations: 536)
  Rendered layout layouts/application.html.erb (Duration: 5.9ms | Allocations: 2749)
Completed 200 OK in 8ms (Views: 6.5ms | ActiveRecord: 0.1ms | Allocations: 3430)


Started DELETE "/users/1" for ::1 at 2023-01-10 12:55:04 -0300
Processing by UsersController#destroy as TURBO_STREAM
  Parameters: {"authenticity_token"=>"[FILTERED]", "id"=>"1"}
  [1m[36mUser Load (0.1ms)[0m  [1m[34mSELECT "users".* FROM "users" WHERE "users"."id" = ? LIMIT ?[0m  [["id", 1], ["LIMIT", 1]]
  ↳ app/controllers/users_controller.rb:63:in `set_user'
  [1m[36mTRANSACTION (0.0ms)[0m  [1m[36mbegin transaction[0m
  ↳ app/controllers/users_controller.rb:52:in `destroy'
  [1m[36mUser Destroy (0.3ms)[0m  [1m[31mDELETE FROM "users" WHERE "users"."id" = ?[0m  [["id", 1]]
  ↳ app/controllers/users_controller.rb:52:in `destroy'
  [1m[36mTRANSACTION (1.0ms)[0m  [1m[36mcommit transaction[0m
  ↳ app/controllers/users_controller.rb:52:in `destroy'
Redirected to http://localhost:3000/users
Completed 302 Found in 10ms (ActiveRecord: 1.5ms | Allocations: 2197)


Started GET "/users" for ::1 at 2023-01-10 12:55:04 -0300
Processing by UsersController#index as TURBO_STREAM
  Rendering layout layouts/application.html.erb
  Rendering users/index.html.erb within layouts/application
  [1m[36mUser Load (0.1ms)[0m  [1m[34mSELECT "users".* FROM "users"[0m
  ↳ app/views/users/index.html.erb:6
  Rendered users/index.html.erb within layouts/application (Duration: 1.5ms | Allocations: 705)
  Rendered layout layouts/application.html.erb (Duration: 5.4ms | Allocations: 2943)
Completed 200 OK in 7ms (Views: 5.8ms | ActiveRecord: 0.1ms | Allocations: 3204)


Started GET "/" for ::1 at 2023-01-11 08:46:00 -0300
  [1m[36mActiveRecord::SchemaMigration Pluck (0.4ms)[0m  [1m[34mSELECT "schema_migrations"."version" FROM "schema_migrations" ORDER BY "schema_migrations"."version" ASC[0m
Processing by ApplicationController#hello as HTML
  Rendering html template
  Rendered html template (Duration: 0.0ms | Allocations: 8)
Completed 200 OK in 9ms (Views: 4.0ms | ActiveRecord: 0.0ms | Allocations: 3783)


Started GET "/users" for ::1 at 2023-01-11 08:46:22 -0300
Processing by UsersController#index as HTML
  Rendering layout layouts/application.html.erb
  Rendering users/index.html.erb within layouts/application
  [1m[36mUser Load (0.4ms)[0m  [1m[34mSELECT "users".* FROM "users"[0m
  ↳ app/views/users/index.html.erb:6
  Rendered users/index.html.erb within layouts/application (Duration: 7.6ms | Allocations: 1126)
  Rendered layout layouts/application.html.erb (Duration: 97.3ms | Allocations: 35543)
Completed 200 OK in 107ms (Views: 98.4ms | ActiveRecord: 0.4ms | Allocations: 37738)


Started GET "/users/new" for ::1 at 2023-01-11 08:46:24 -0300
Processing by UsersController#new as HTML
  Rendering layout layouts/application.html.erb
  Rendering users/new.html.erb within layouts/application
  Rendered users/_form.html.erb (Duration: 10.8ms | Allocations: 3292)
  Rendered users/new.html.erb within layouts/application (Duration: 12.2ms | Allocations: 3589)
  Rendered layout layouts/application.html.erb (Duration: 14.7ms | Allocations: 5819)
Completed 200 OK in 26ms (Views: 15.4ms | ActiveRecord: 0.5ms | Allocations: 21138)


Started POST "/users" for ::1 at 2023-01-11 08:46:29 -0300
Processing by UsersController#create as TURBO_STREAM
  Parameters: {"authenticity_token"=>"[FILTERED]", "user"=>{"name"=>"fernando", "email"=>""}, "commit"=>"Create User"}
  [1m[36mTRANSACTION (0.0ms)[0m  [1m[36mbegin transaction[0m
  ↳ app/controllers/users_controller.rb:27:in `block in create'
  [1m[36mUser Create (0.8ms)[0m  [1m[32mINSERT INTO "users" ("name", "email", "created_at", "updated_at") VALUES (?, ?, ?, ?)[0m  [["name", "fernando"], ["email", ""], ["created_at", "2023-01-11 11:46:29.192690"], ["updated_at", "2023-01-11 11:46:29.192690"]]
  ↳ app/controllers/users_controller.rb:27:in `block in create'
  [1m[36mTRANSACTION (0.6ms)[0m  [1m[36mcommit transaction[0m
  ↳ app/controllers/users_controller.rb:27:in `block in create'
Redirected to http://localhost:3000/users/2
Completed 302 Found in 5ms (ActiveRecord: 1.4ms | Allocations: 2748)


Started GET "/users/2" for ::1 at 2023-01-11 08:46:29 -0300
Processing by UsersController#show as TURBO_STREAM
  Parameters: {"id"=>"2"}
  [1m[36mUser Load (0.2ms)[0m  [1m[34mSELECT "users".* FROM "users" WHERE "users"."id" = ? LIMIT ?[0m  [["id", 2], ["LIMIT", 1]]
  ↳ app/controllers/users_controller.rb:63:in `set_user'
  Rendering layout layouts/application.html.erb
  Rendering users/show.html.erb within layouts/application
  Rendered users/_user.html.erb (Duration: 0.8ms | Allocations: 192)
  Rendered users/show.html.erb within layouts/application (Duration: 3.7ms | Allocations: 1242)
  Rendered layout layouts/application.html.erb (Duration: 6.0ms | Allocations: 3465)
Completed 200 OK in 10ms (Views: 6.4ms | ActiveRecord: 0.2ms | Allocations: 5975)


Started GET "/users/2/edit" for ::1 at 2023-01-11 08:46:41 -0300
Processing by UsersController#edit as HTML
  Parameters: {"id"=>"2"}
  [1m[36mUser Load (0.1ms)[0m  [1m[34mSELECT "users".* FROM "users" WHERE "users"."id" = ? LIMIT ?[0m  [["id", 2], ["LIMIT", 1]]
  ↳ app/controllers/users_controller.rb:63:in `set_user'
  Rendering layout layouts/application.html.erb
  Rendering users/edit.html.erb within layouts/application
  Rendered users/_form.html.erb (Duration: 2.0ms | Allocations: 1115)
  Rendered users/edit.html.erb within layouts/application (Duration: 3.9ms | Allocations: 1396)
  Rendered layout layouts/application.html.erb (Duration: 6.4ms | Allocations: 3619)
Completed 200 OK in 8ms (Views: 6.8ms | ActiveRecord: 0.1ms | Allocations: 4371)


Started PATCH "/users/2" for ::1 at 2023-01-11 08:46:47 -0300
Processing by UsersController#update as TURBO_STREAM
  Parameters: {"authenticity_token"=>"[FILTERED]", "user"=>{"name"=>"fernando", "email"=>"@google.com"}, "commit"=>"Update User", "id"=>"2"}
  [1m[36mUser Load (0.1ms)[0m  [1m[34mSELECT "users".* FROM "users" WHERE "users"."id" = ? LIMIT ?[0m  [["id", 2], ["LIMIT", 1]]
  ↳ app/controllers/users_controller.rb:63:in `set_user'
  [1m[36mTRANSACTION (0.0ms)[0m  [1m[36mbegin transaction[0m
  ↳ app/controllers/users_controller.rb:40:in `block in update'
  [1m[36mUser Update (0.4ms)[0m  [1m[33mUPDATE "users" SET "email" = ?, "updated_at" = ? WHERE "users"."id" = ?[0m  [["email", "@google.com"], ["updated_at", "2023-01-11 11:46:47.535686"], ["id", 2]]
  ↳ app/controllers/users_controller.rb:40:in `block in update'
  [1m[36mTRANSACTION (1.0ms)[0m  [1m[36mcommit transaction[0m
  ↳ app/controllers/users_controller.rb:40:in `block in update'
Redirected to http://localhost:3000/users/2
Completed 302 Found in 6ms (ActiveRecord: 1.5ms | Allocations: 2581)


Started GET "/users/2" for ::1 at 2023-01-11 08:46:47 -0300
Processing by UsersController#show as TURBO_STREAM
  Parameters: {"id"=>"2"}
  [1m[36mUser Load (0.1ms)[0m  [1m[34mSELECT "users".* FROM "users" WHERE "users"."id" = ? LIMIT ?[0m  [["id", 2], ["LIMIT", 1]]
  ↳ app/controllers/users_controller.rb:63:in `set_user'
  Rendering layout layouts/application.html.erb
  Rendering users/show.html.erb within layouts/application
  Rendered users/_user.html.erb (Duration: 0.1ms | Allocations: 19)
  Rendered users/show.html.erb within layouts/application (Duration: 0.9ms | Allocations: 560)
  Rendered layout layouts/application.html.erb (Duration: 3.1ms | Allocations: 2774)
Completed 200 OK in 5ms (Views: 3.5ms | ActiveRecord: 0.1ms | Allocations: 3460)


Started DELETE "/users/2" for ::1 at 2023-01-11 08:47:03 -0300
Processing by UsersController#destroy as TURBO_STREAM
  Parameters: {"authenticity_token"=>"[FILTERED]", "id"=>"2"}
  [1m[36mUser Load (0.1ms)[0m  [1m[34mSELECT "users".* FROM "users" WHERE "users"."id" = ? LIMIT ?[0m  [["id", 2], ["LIMIT", 1]]
  ↳ app/controllers/users_controller.rb:63:in `set_user'
  [1m[36mTRANSACTION (0.0ms)[0m  [1m[36mbegin transaction[0m
  ↳ app/controllers/users_controller.rb:52:in `destroy'
  [1m[36mUser Destroy (0.3ms)[0m  [1m[31mDELETE FROM "users" WHERE "users"."id" = ?[0m  [["id", 2]]
  ↳ app/controllers/users_controller.rb:52:in `destroy'
  [1m[36mTRANSACTION (1.0ms)[0m  [1m[36mcommit transaction[0m
  ↳ app/controllers/users_controller.rb:52:in `destroy'
Redirected to http://localhost:3000/users
Completed 302 Found in 5ms (ActiveRecord: 1.4ms | Allocations: 2193)


Started GET "/users" for ::1 at 2023-01-11 08:47:03 -0300
Processing by UsersController#index as TURBO_STREAM
  Rendering layout layouts/application.html.erb
  Rendering users/index.html.erb within layouts/application
  [1m[36mUser Load (0.1ms)[0m  [1m[34mSELECT "users".* FROM "users"[0m
  ↳ app/views/users/index.html.erb:6
  Rendered users/index.html.erb within layouts/application (Duration: 1.3ms | Allocations: 707)
  Rendered layout layouts/application.html.erb (Duration: 3.6ms | Allocations: 2929)
Completed 200 OK in 5ms (Views: 4.3ms | ActiveRecord: 0.1ms | Allocations: 3188)


